<?xml version="1.0" encoding="UTF-8"?>
<coverage generated="1738865886430" clover="3.2.0">
  <project timestamp="1738865886430" name="All files">
    <metrics statements="26" coveredstatements="25" conditionals="4" coveredconditionals="2" methods="17" coveredmethods="16" elements="47" coveredelements="43" complexity="0" loc="26" ncloc="26" packages="1" files="2" classes="2"/>
    <file name="App.tsx" path="/home/kamal/lara/coveragex/frontend/src/App.tsx">
      <metrics statements="24" coveredstatements="23" conditionals="4" coveredconditionals="2" methods="15" coveredmethods="14"/>
      <line num="13" count="19" type="stmt"/>
      <line num="14" count="19" type="stmt"/>
      <line num="15" count="19" type="stmt"/>
      <line num="18" count="10" type="stmt"/>
      <line num="22" count="6" type="stmt"/>
      <line num="25" count="4" type="stmt"/>
      <line num="29" count="19" type="stmt"/>
      <line num="30" count="8" type="stmt"/>
      <line num="34" count="2" type="stmt"/>
      <line num="35" count="2" type="stmt"/>
      <line num="36" count="2" type="stmt"/>
      <line num="37" count="2" type="stmt"/>
      <line num="41" count="2" type="stmt"/>
      <line num="48" count="1" type="cond" truecount="1" falsecount="1"/>
      <line num="49" count="1" type="stmt"/>
      <line num="53" count="1" type="stmt"/>
      <line num="58" count="1" type="stmt"/>
      <line num="61" count="1" type="cond" truecount="1" falsecount="1"/>
      <line num="62" count="1" type="stmt"/>
      <line num="66" count="0" type="stmt"/>
      <line num="70" count="19" type="stmt"/>
      <line num="83" count="2" type="stmt"/>
      <line num="96" count="2" type="stmt"/>
      <line num="113" count="10" type="stmt"/>
    </file>
    <file name="Task.tsx" path="/home/kamal/lara/coveragex/frontend/src/Task.tsx">
      <metrics statements="2" coveredstatements="2" conditionals="0" coveredconditionals="0" methods="2" coveredmethods="2"/>
      <line num="17" count="8" type="stmt"/>
      <line num="26" count="1" type="stmt"/>
    </file>
  </project>
</coverage>
