<?xml version="1.0" encoding="UTF-8"?>
<coverage generated="1738769529449" clover="3.2.0">
  <project timestamp="1738769529449" name="All files">
    <metrics statements="26" coveredstatements="23" conditionals="4" coveredconditionals="2" methods="17" coveredmethods="14" elements="47" coveredelements="39" complexity="0" loc="26" ncloc="26" packages="1" files="2" classes="2"/>
    <file name="App.tsx" path="/home/kamal/html/coverage-front/src/App.tsx">
      <metrics statements="24" coveredstatements="21" conditionals="4" coveredconditionals="2" methods="15" coveredmethods="12"/>
      <line num="12" count="24" type="stmt"/>
      <line num="13" count="24" type="stmt"/>
      <line num="14" count="24" type="stmt"/>
      <line num="17" count="12" type="stmt"/>
      <line num="20" count="12" type="stmt"/>
      <line num="23" count="0" type="stmt"/>
      <line num="27" count="24" type="stmt"/>
      <line num="28" count="8" type="stmt"/>
      <line num="32" count="2" type="stmt"/>
      <line num="33" count="2" type="stmt"/>
      <line num="34" count="2" type="stmt"/>
      <line num="35" count="2" type="stmt"/>
      <line num="39" count="2" type="stmt"/>
      <line num="46" count="2" type="cond" truecount="1" falsecount="1"/>
      <line num="47" count="2" type="stmt"/>
      <line num="51" count="0" type="stmt"/>
      <line num="56" count="2" type="stmt"/>
      <line num="59" count="2" type="cond" truecount="1" falsecount="1"/>
      <line num="60" count="2" type="stmt"/>
      <line num="64" count="0" type="stmt"/>
      <line num="68" count="24" type="stmt"/>
      <line num="81" count="2" type="stmt"/>
      <line num="94" count="2" type="stmt"/>
      <line num="111" count="28" type="stmt"/>
    </file>
    <file name="Task.tsx" path="/home/kamal/html/coverage-front/src/Task.tsx">
      <metrics statements="2" coveredstatements="2" conditionals="0" coveredconditionals="0" methods="2" coveredmethods="2"/>
      <line num="16" count="26" type="stmt"/>
      <line num="25" count="2" type="stmt"/>
    </file>
  </project>
</coverage>
