{"/home/kamal/lara/coveragex/frontend/src/App.tsx": {"path":"/home/kamal/lara/coveragex/frontend/src/App.tsx","statementMap":{"0":{"start":{"line":13,"column":28},"end":{"line":13,"column":48}},"1":{"start":{"line":14,"column":28},"end":{"line":14,"column":40}},"2":{"start":{"line":15,"column":40},"end":{"line":15,"column":52}},"3":{"start":{"line":18,"column":4},"end":{"line":26,"column":9}},"4":{"start":{"line":22,"column":8},"end":{"line":22,"column":32}},"5":{"start":{"line":25,"column":8},"end":{"line":25,"column":54}},"6":{"start":{"line":29,"column":2},"end":{"line":31,"column":9}},"7":{"start":{"line":30,"column":4},"end":{"line":30,"column":17}},"8":{"start":{"line":34,"column":4},"end":{"line":34,"column":27}},"9":{"start":{"line":35,"column":4},"end":{"line":35,"column":32}},"10":{"start":{"line":36,"column":4},"end":{"line":36,"column":17}},"11":{"start":{"line":37,"column":4},"end":{"line":37,"column":23}},"12":{"start":{"line":41,"column":4},"end":{"line":54,"column":9}},"13":{"start":{"line":48,"column":8},"end":{"line":50,"column":9}},"14":{"start":{"line":49,"column":10},"end":{"line":49,"column":23}},"15":{"start":{"line":53,"column":8},"end":{"line":53,"column":51}},"16":{"start":{"line":58,"column":4},"end":{"line":67,"column":9}},"17":{"start":{"line":61,"column":8},"end":{"line":63,"column":9}},"18":{"start":{"line":62,"column":10},"end":{"line":62,"column":23}},"19":{"start":{"line":66,"column":8},"end":{"line":66,"column":53}},"20":{"start":{"line":70,"column":2},"end":{"line":125,"column":4}},"21":{"start":{"line":83,"column":33},"end":{"line":83,"column":57}},"22":{"start":{"line":96,"column":33},"end":{"line":96,"column":63}},"23":{"start":{"line":113,"column":14},"end":{"line":119,"column":16}}},"fnMap":{"0":{"name":"App","decl":{"start":{"line":6,"column":24},"end":{"line":6,"column":27}},"loc":{"start":{"line":6,"column":30},"end":{"line":126,"column":1}},"line":6},"1":{"name":"fetchTasks","decl":{"start":{"line":17,"column":11},"end":{"line":17,"column":21}},"loc":{"start":{"line":17,"column":24},"end":{"line":27,"column":3}},"line":17},"2":{"name":"(anonymous_2)","decl":{"start":{"line":21,"column":12},"end":{"line":21,"column":13}},"loc":{"start":{"line":21,"column":26},"end":{"line":23,"column":7}},"line":21},"3":{"name":"(anonymous_3)","decl":{"start":{"line":24,"column":13},"end":{"line":24,"column":14}},"loc":{"start":{"line":24,"column":24},"end":{"line":26,"column":7}},"line":24},"4":{"name":"(anonymous_4)","decl":{"start":{"line":29,"column":12},"end":{"line":29,"column":13}},"loc":{"start":{"line":29,"column":18},"end":{"line":31,"column":3}},"line":29},"5":{"name":"handleSubmit","decl":{"start":{"line":33,"column":11},"end":{"line":33,"column":23}},"loc":{"start":{"line":33,"column":36},"end":{"line":38,"column":3}},"line":33},"6":{"name":"addTask","decl":{"start":{"line":40,"column":11},"end":{"line":40,"column":18}},"loc":{"start":{"line":40,"column":63},"end":{"line":55,"column":3}},"line":40},"7":{"name":"(anonymous_7)","decl":{"start":{"line":46,"column":12},"end":{"line":46,"column":13}},"loc":{"start":{"line":46,"column":26},"end":{"line":51,"column":7}},"line":46},"8":{"name":"(anonymous_8)","decl":{"start":{"line":52,"column":13},"end":{"line":52,"column":14}},"loc":{"start":{"line":52,"column":24},"end":{"line":54,"column":7}},"line":52},"9":{"name":"deleteTask","decl":{"start":{"line":57,"column":11},"end":{"line":57,"column":21}},"loc":{"start":{"line":57,"column":31},"end":{"line":68,"column":3}},"line":57},"10":{"name":"(anonymous_10)","decl":{"start":{"line":60,"column":12},"end":{"line":60,"column":13}},"loc":{"start":{"line":60,"column":26},"end":{"line":64,"column":7}},"line":60},"11":{"name":"(anonymous_11)","decl":{"start":{"line":65,"column":13},"end":{"line":65,"column":14}},"loc":{"start":{"line":65,"column":24},"end":{"line":67,"column":7}},"line":65},"12":{"name":"(anonymous_12)","decl":{"start":{"line":83,"column":26},"end":{"line":83,"column":27}},"loc":{"start":{"line":83,"column":33},"end":{"line":83,"column":57}},"line":83},"13":{"name":"(anonymous_13)","decl":{"start":{"line":96,"column":26},"end":{"line":96,"column":27}},"loc":{"start":{"line":96,"column":33},"end":{"line":96,"column":63}},"line":96},"14":{"name":"(anonymous_14)","decl":{"start":{"line":112,"column":23},"end":{"line":112,"column":24}},"loc":{"start":{"line":113,"column":14},"end":{"line":119,"column":16}},"line":113}},"branchMap":{"0":{"loc":{"start":{"line":48,"column":8},"end":{"line":50,"column":9}},"type":"if","locations":[{"start":{"line":48,"column":8},"end":{"line":50,"column":9}},{"start":{},"end":{}}],"line":48},"1":{"loc":{"start":{"line":61,"column":8},"end":{"line":63,"column":9}},"type":"if","locations":[{"start":{"line":61,"column":8},"end":{"line":63,"column":9}},{"start":{},"end":{}}],"line":61}},"s":{"0":19,"1":19,"2":19,"3":10,"4":6,"5":4,"6":19,"7":8,"8":2,"9":2,"10":2,"11":2,"12":2,"13":1,"14":1,"15":1,"16":1,"17":1,"18":1,"19":0,"20":19,"21":2,"22":2,"23":10},"f":{"0":19,"1":10,"2":6,"3":4,"4":8,"5":2,"6":2,"7":1,"8":1,"9":1,"10":1,"11":0,"12":2,"13":2,"14":10},"b":{"0":[1,0],"1":[1,0]},"_coverageSchema":"1a1c01bbd47fc00a2c39e90264f33305004495a9","hash":"76470717bd5fc918f696572e2aca0ffa53802c53"}
,"/home/kamal/lara/coveragex/frontend/src/Task.tsx": {"path":"/home/kamal/lara/coveragex/frontend/src/Task.tsx","statementMap":{"0":{"start":{"line":17,"column":2},"end":{"line":32,"column":4}},"1":{"start":{"line":26,"column":25},"end":{"line":26,"column":41}}},"fnMap":{"0":{"name":"Task","decl":{"start":{"line":11,"column":24},"end":{"line":11,"column":28}},"loc":{"start":{"line":16,"column":14},"end":{"line":33,"column":1}},"line":16},"1":{"name":"(anonymous_1)","decl":{"start":{"line":26,"column":19},"end":{"line":26,"column":20}},"loc":{"start":{"line":26,"column":25},"end":{"line":26,"column":41}},"line":26}},"branchMap":{},"s":{"0":8,"1":1},"f":{"0":8,"1":1},"b":{},"_coverageSchema":"1a1c01bbd47fc00a2c39e90264f33305004495a9","hash":"7514f8df5327ec95e84017da15f30352c3b243e8"}
}
