TN:
SF:src/App.tsx
FN:5,App
FN:16,fetchTasks
FN:19,(anonymous_2)
FN:22,(anonymous_3)
FN:27,(anonymous_4)
FN:31,handleSubmit
FN:38,addTask
FN:44,(anonymous_7)
FN:50,(anonymous_8)
FN:55,deleteTask
FN:58,(anonymous_10)
FN:63,(anonymous_11)
FN:81,(anonymous_12)
FN:94,(anonymous_13)
FN:110,(anonymous_14)
FNF:15
FNH:12
FNDA:24,App
FNDA:12,fetchTasks
FNDA:12,(anonymous_2)
FNDA:0,(anonymous_3)
FNDA:8,(anonymous_4)
FNDA:2,handleSubmit
FNDA:2,addTask
FNDA:2,(anonymous_7)
FNDA:0,(anonymous_8)
FNDA:2,deleteTask
FNDA:2,(anonymous_10)
FNDA:0,(anonymous_11)
FNDA:2,(anonymous_12)
FNDA:2,(anonymous_13)
FNDA:28,(anonymous_14)
DA:12,24
DA:13,24
DA:14,24
DA:17,12
DA:20,12
DA:23,0
DA:27,24
DA:28,8
DA:32,2
DA:33,2
DA:34,2
DA:35,2
DA:39,2
DA:46,2
DA:47,2
DA:51,0
DA:56,2
DA:59,2
DA:60,2
DA:64,0
DA:68,24
DA:81,2
DA:94,2
DA:111,28
LF:24
LH:21
BRDA:46,0,0,2
BRDA:46,0,1,0
BRDA:59,1,0,2
BRDA:59,1,1,0
BRF:4
BRH:2
end_of_record
TN:
SF:src/Task.tsx
FN:10,Task
FN:25,(anonymous_1)
FNF:2
FNH:2
FNDA:26,Task
FNDA:2,(anonymous_1)
DA:16,26
DA:25,2
LF:2
LH:2
BRF:0
BRH:0
end_of_record
