TN:
SF:src/App.tsx
FN:6,App
FN:17,fetchTasks
FN:21,(anonymous_2)
FN:24,(anonymous_3)
FN:29,(anonymous_4)
FN:33,handleSubmit
FN:40,addTask
FN:46,(anonymous_7)
FN:52,(anonymous_8)
FN:57,deleteTask
FN:60,(anonymous_10)
FN:65,(anonymous_11)
FN:83,(anonymous_12)
FN:96,(anonymous_13)
FN:112,(anonymous_14)
FNF:15
FNH:14
FNDA:19,App
FNDA:10,fetchTasks
FNDA:6,(anonymous_2)
FNDA:4,(anonymous_3)
FNDA:8,(anonymous_4)
FNDA:2,handleSubmit
FNDA:2,addTask
FNDA:1,(anonymous_7)
FNDA:1,(anonymous_8)
FNDA:1,deleteTask
FNDA:1,(anonymous_10)
FNDA:0,(anonymous_11)
FNDA:2,(anonymous_12)
FNDA:2,(anonymous_13)
FNDA:10,(anonymous_14)
DA:13,19
DA:14,19
DA:15,19
DA:18,10
DA:22,6
DA:25,4
DA:29,19
DA:30,8
DA:34,2
DA:35,2
DA:36,2
DA:37,2
DA:41,2
DA:48,1
DA:49,1
DA:53,1
DA:58,1
DA:61,1
DA:62,1
DA:66,0
DA:70,19
DA:83,2
DA:96,2
DA:113,10
LF:24
LH:23
BRDA:48,0,0,1
BRDA:48,0,1,0
BRDA:61,1,0,1
BRDA:61,1,1,0
BRF:4
BRH:2
end_of_record
TN:
SF:src/Task.tsx
FN:11,Task
FN:26,(anonymous_1)
FNF:2
FNH:2
FNDA:8,Task
FNDA:1,(anonymous_1)
DA:17,8
DA:26,1
LF:2
LH:2
BRF:0
BRH:0
end_of_record
